0 info it worked if it ends with ok
1 verbose cli [ 'C:\\Program Files\\nodejs\\node.exe',
1 verbose cli   'C:\\Users\\andrew.monteith\\AppData\\Roaming\\npm\\node_modules\\npm\\bin\\npm-cli.js',
1 verbose cli   'start' ]
2 info using npm@3.3.8
3 info using node@v6.3.0
4 verbose run-script [ 'prestart', 'start', 'poststart' ]
5 info lifecycle forefront-server@0.0.1~prestart: forefront-server@0.0.1
6 silly lifecycle forefront-server@0.0.1~prestart: no script for prestart, continuing
7 info lifecycle forefront-server@0.0.1~start: forefront-server@0.0.1
8 verbose lifecycle forefront-server@0.0.1~start: unsafe-perm in lifecycle true
9 verbose lifecycle forefront-server@0.0.1~start: PATH: C:\Users\andrew.monteith\AppData\Roaming\npm\node_modules\npm\bin\node-gyp-bin;C:\Git\projects\ForeFront\node_modules\.bin;C:\ProgramData\Oracle\Java\javapath;C:\Python27\;C:\Python27\Scripts;C:\Program Files (x86)\AMD APP\bin\x86_64;C:\Program Files (x86)\AMD APP\bin\x86;C:\Windows\system32;C:\Windows;C:\Windows\System32\Wbem;C:\Windows\System32\WindowsPowerShell\v1.0\;C:\Program Files\Microsoft SQL Server\110\Tools\Binn\;C:\Program Files\Microsoft\Web Platform Installer\;C:\Program Files (x86)\Microsoft ASP.NET\ASP.NET Web Pages\v1.0\;C:\Program Files\Microsoft SQL Server\120\Tools\Binn\;C:\Program Files (x86)\Microsoft SQL Server\110\Tools\Binn\;C:\Program Files\Microsoft SQL Server\110\DTS\Binn\;C:\Program Files\Microsoft SQL Server\Client SDK\ODBC\110\Tools\Binn\;C:\Program Files (x86)\Microsoft SQL Server\120\Tools\Binn\;C:\Program Files\Microsoft SQL Server\120\DTS\Binn\;C:\Program Files (x86)\Microsoft SQL Server\120\Tools\Binn\ManagementStudio\;C:\Program Files (x86)\Microsoft SQL Server\120\DTS\Binn\;C:\Program Files (x86)\Microsoft SQL Server\110\Tools\Binn\ManagementStudio\;C:\Program Files (x86)\Microsoft Visual Studio 11.0\Common7\IDE\PrivateAssemblies\;C:\Program Files (x86)\Microsoft SQL Server\110\DTS\Binn\;C:\Program Files (x86)\Microsoft Visual Studio 12.0\Common7\IDE\PrivateAssemblies\;C:\ProgramData\chocolatey\bin;C:\Program Files (x86)\Microsoft SDKs\TypeScript\1.0\;C:\Users\andrew.monteith\AppData\Roaming\npm;C:\Program Files (x86)\ATI Technologies\ATI.ACE\Core-Static;C:\Program Files (x86)\Microsoft SQL Server\100\Tools\Binn\;C:\Program Files\Microsoft SQL Server\100\Tools\Binn\;C:\Program Files\Microsoft SQL Server\100\DTS\Binn\;C:\opt\langs\go\bin;C:\Program Files\nodejs\;C:\Program Files\Microsoft SQL Server\130\Tools\Binn\;C:\Program Files (x86)\Microsoft SQL Server\130\DTS\Binn\;C:\Program Files (x86)\Windows Kits\10\Windows Performance Toolkit\;C:\Program Files\dotnet\;C:\Program Files\Git\cmd;C:\Program Files (x86)\Google\Cloud SDK\google-cloud-sdk\bin;C:\Users\andrew.monteith\AppData\Local\Continuum\Anaconda3;C:\Users\andrew.monteith\AppData\Local\Continuum\Anaconda3\Scripts;C:\Users\andrew.monteith\AppData\Local\Continuum\Anaconda3\Library\bin;C:\tools\dart-sdk\bin;C:\Users\andrew.monteith\AppData\Roaming\Pub\Cache\bin;C:\Ruby22\bin;C:\opt\.babun;C:\Program Files (x86)\Microsoft VS Code\bin;C:\Users\andrew.monteith\AppData\Local\atom\bin;C:\ProgramData\andrew.monteith\atom\bin;C:\Users\andrew.monteith\AppData\Roaming\npm;C:\tools\gittfs;"C:\Program Files (x86)\Microsoft VS Code";
10 verbose lifecycle forefront-server@0.0.1~start: CWD: C:\Git\projects\ForeFront
11 silly lifecycle forefront-server@0.0.1~start: Args: [ '/d /s /c', 'node index.js' ]
12 silly lifecycle forefront-server@0.0.1~start: Returned: code: 1  signal: null
13 info lifecycle forefront-server@0.0.1~start: Failed to exec start script
14 verbose stack Error: forefront-server@0.0.1 start: `node index.js`
14 verbose stack Exit status 1
14 verbose stack     at EventEmitter.<anonymous> (C:\Users\andrew.monteith\AppData\Roaming\npm\node_modules\npm\lib\utils\lifecycle.js:233:16)
14 verbose stack     at emitTwo (events.js:106:13)
14 verbose stack     at EventEmitter.emit (events.js:191:7)
14 verbose stack     at ChildProcess.<anonymous> (C:\Users\andrew.monteith\AppData\Roaming\npm\node_modules\npm\lib\utils\spawn.js:24:14)
14 verbose stack     at emitTwo (events.js:106:13)
14 verbose stack     at ChildProcess.emit (events.js:191:7)
14 verbose stack     at maybeClose (internal/child_process.js:852:16)
14 verbose stack     at Process.ChildProcess._handle.onexit (internal/child_process.js:215:5)
15 verbose pkgid forefront-server@0.0.1
16 verbose cwd C:\Git\projects\ForeFront
17 error Windows_NT 6.3.9600
18 error argv "C:\\Program Files\\nodejs\\node.exe" "C:\\Users\\andrew.monteith\\AppData\\Roaming\\npm\\node_modules\\npm\\bin\\npm-cli.js" "start"
19 error node v6.3.0
20 error npm  v3.3.8
21 error code ELIFECYCLE
22 error forefront-server@0.0.1 start: `node index.js`
22 error Exit status 1
23 error Failed at the forefront-server@0.0.1 start script 'node index.js'.
23 error This is most likely a problem with the forefront-server package,
23 error not with npm itself.
23 error Tell the author that this fails on your system:
23 error     node index.js
23 error You can get their info via:
23 error     npm owner ls forefront-server
23 error There is likely additional logging output above.
24 verbose exit [ 1, true ]
